2016-03-10 16:31:32,752 [main] INFO NewsFeedApplication - Starting NewsFeedApplication on Yitar with PID 19960 (C:\Users\Yitar\Desktop\NewsFeed\build\classes\main started by Yitar in C:\Users\Yitar\Desktop\NewsFeed)
2016-03-10 16:31:32,777 [main] INFO NewsFeedApplication - No active profile set, falling back to default profiles: default
2016-03-10 16:31:33,159 [main] INFO AnnotationConfigEmbeddedWebApplicationContext - Refreshing org.springframework.boot.context.embedded.AnnotationConfigEmbeddedWebApplicationContext@f2f2cc1: startup date [Thu Mar 10 16:31:33 CST 2016]; root of context hierarchy
2016-03-10 16:31:33,730 [background-preinit] INFO Version - HV000001: Hibernate Validator 5.2.4.Final
2016-03-10 16:31:37,096 [main] INFO DefaultListableBeanFactory - Overriding bean definition for bean 'beanNameViewResolver' with a different definition: replacing [Root bean: class [null]; scope=; abstract=false; lazyInit=false; autowireMode=3; dependencyCheck=0; autowireCandidate=true; primary=false; factoryBeanName=org.springframework.boot.autoconfigure.web.ErrorMvcAutoConfiguration$WhitelabelErrorViewConfiguration; factoryMethodName=beanNameViewResolver; initMethodName=null; destroyMethodName=(inferred); defined in class path resource [org/springframework/boot/autoconfigure/web/ErrorMvcAutoConfiguration$WhitelabelErrorViewConfiguration.class]] with [Root bean: class [null]; scope=; abstract=false; lazyInit=false; autowireMode=3; dependencyCheck=0; autowireCandidate=true; primary=false; factoryBeanName=org.springframework.boot.autoconfigure.web.WebMvcAutoConfiguration$WebMvcAutoConfigurationAdapter; factoryMethodName=beanNameViewResolver; initMethodName=null; destroyMethodName=(inferred); defined in class path resource [org/springframework/boot/autoconfigure/web/WebMvcAutoConfiguration$WebMvcAutoConfigurationAdapter.class]]
2016-03-10 16:31:38,922 [main] INFO PostProcessorRegistrationDelegate$BeanPostProcessorChecker - Bean 'org.springframework.transaction.annotation.ProxyTransactionManagementConfiguration' of type [class org.springframework.transaction.annotation.ProxyTransactionManagementConfiguration$$EnhancerBySpringCGLIB$$62aa1706] is not eligible for getting processed by all BeanPostProcessors (for example: not eligible for auto-proxying)
2016-03-10 16:31:39,082 [main] INFO PostProcessorRegistrationDelegate$BeanPostProcessorChecker - Bean 'redisCacheConfig' of type [class me.yitar.webapp.config.RedisCacheConfig$$EnhancerBySpringCGLIB$$91c08d6e] is not eligible for getting processed by all BeanPostProcessors (for example: not eligible for auto-proxying)
2016-03-10 16:31:39,099 [main] INFO PostProcessorRegistrationDelegate$BeanPostProcessorChecker - Bean 'org.springframework.cache.annotation.ProxyCachingConfiguration' of type [class org.springframework.cache.annotation.ProxyCachingConfiguration$$EnhancerBySpringCGLIB$$ca07e164] is not eligible for getting processed by all BeanPostProcessors (for example: not eligible for auto-proxying)
2016-03-10 16:31:40,237 [main] INFO log - Logging initialized @18313ms
2016-03-10 16:31:40,485 [main] INFO JettyEmbeddedServletContainerFactory - Server initialized with port: 9000
2016-03-10 16:31:40,507 [main] INFO Server - jetty-9.2.15.v20160210
2016-03-10 16:31:40,654 [main] INFO application - Initializing Spring embedded WebApplicationContext
2016-03-10 16:31:40,654 [main] INFO ContextLoader - Root WebApplicationContext: initialization completed in 7496 ms
2016-03-10 16:31:41,283 [main] INFO ServletRegistrationBean - Mapping servlet: 'dispatcherServlet' to [/]
2016-03-10 16:31:41,286 [main] INFO FilterRegistrationBean - Mapping filter: 'characterEncodingFilter' to: [/*]
2016-03-10 16:31:41,299 [main] INFO FilterRegistrationBean - Mapping filter: 'hiddenHttpMethodFilter' to: [/*]
2016-03-10 16:31:41,299 [main] INFO FilterRegistrationBean - Mapping filter: 'httpPutFormContentFilter' to: [/*]
2016-03-10 16:31:41,299 [main] INFO FilterRegistrationBean - Mapping filter: 'requestContextFilter' to: [/*]
2016-03-10 16:31:41,299 [main] INFO ContextHandler - Started o.s.b.c.e.j.JettyEmbeddedWebAppContext@6fbc1bb{/,file:/C:/Users/Yitar/Desktop/NewsFeed/src/main/webapp/,AVAILABLE}
2016-03-10 16:31:41,300 [main] INFO Server - Started @19376ms
2016-03-10 16:31:42,030 [main] INFO LocalContainerEntityManagerFactoryBean - Building JPA container EntityManagerFactory for persistence unit 'default'
2016-03-10 16:31:42,096 [main] INFO LogHelper - HHH000204: Processing PersistenceUnitInfo [
	name: default
	...]
2016-03-10 16:31:42,324 [main] INFO Version - HHH000412: Hibernate Core {4.3.11.Final}
2016-03-10 16:31:42,327 [main] INFO Environment - HHH000206: hibernate.properties not found
2016-03-10 16:31:42,329 [main] INFO Environment - HHH000021: Bytecode provider name : javassist
2016-03-10 16:31:42,803 [main] INFO Version - HCANN000001: Hibernate Commons Annotations {4.0.5.Final}
2016-03-10 16:31:42,949 [main] WARN ConnectionPool - maxIdle is larger than maxActive, setting maxIdle to: 20
2016-03-10 16:31:44,177 [main] INFO Dialect - HHH000400: Using dialect: org.hibernate.dialect.MySQL5Dialect
2016-03-10 16:31:44,278 [main] INFO ASTQueryTranslatorFactory - HHH000397: Using ASTQueryTranslatorFactory
2016-03-10 16:31:44,858 [main] INFO SchemaExport - HHH000227: Running hbm2ddl schema export
2016-03-10 16:31:44,861 [main] INFO SchemaExport - HHH000230: Schema export complete
2016-03-10 16:31:46,062 [main] INFO RequestMappingHandlerAdapter - Looking for @ControllerAdvice: org.springframework.boot.context.embedded.AnnotationConfigEmbeddedWebApplicationContext@f2f2cc1: startup date [Thu Mar 10 16:31:33 CST 2016]; root of context hierarchy
2016-03-10 16:31:46,347 [main] INFO RequestMappingHandlerMapping - Mapped "{[/editfeed],methods=[POST]}" onto public java.lang.String me.yitar.webapp.controller.FeedControllerProxy.editFeed(int,java.lang.String,org.springframework.ui.Model,javax.servlet.http.HttpSession)
2016-03-10 16:31:46,348 [main] INFO RequestMappingHandlerMapping - Mapped "{[/editfeed],methods=[GET]}" onto public java.lang.String me.yitar.webapp.controller.FeedControllerProxy.editfeed(int,org.springframework.ui.Model,javax.servlet.http.HttpSession)
2016-03-10 16:31:46,348 [main] INFO RequestMappingHandlerMapping - Mapped "{[/addfeed],methods=[POST]}" onto public java.lang.String me.yitar.webapp.controller.FeedControllerProxy.addfeed(java.lang.String,org.springframework.ui.Model,javax.servlet.http.HttpSession)
2016-03-10 16:31:46,349 [main] INFO RequestMappingHandlerMapping - Mapped "{[/addfeed],methods=[GET]}" onto public java.lang.String me.yitar.webapp.controller.FeedControllerProxy.addfeed(java.util.Locale,org.springframework.ui.Model,javax.servlet.http.HttpSession)
2016-03-10 16:31:46,349 [main] INFO RequestMappingHandlerMapping - Mapped "{[/deletefeed],methods=[GET]}" onto public java.lang.String me.yitar.webapp.controller.FeedControllerProxy.deletefeed(int,org.springframework.ui.Model,javax.servlet.http.HttpSession)
2016-03-10 16:31:46,349 [main] INFO RequestMappingHandlerMapping - Mapped "{[/],methods=[GET]}" onto public java.lang.String me.yitar.webapp.controller.HomeController.home(java.util.Locale,org.springframework.ui.Model)
2016-03-10 16:31:46,353 [main] INFO RequestMappingHandlerMapping - Mapped "{[/register],methods=[GET]}" onto public java.lang.String me.yitar.webapp.controller.UserControllerProxy.register(java.util.Locale,org.springframework.ui.Model,javax.servlet.http.HttpSession)
2016-03-10 16:31:46,353 [main] INFO RequestMappingHandlerMapping - Mapped "{[/adduser],methods=[GET]}" onto public java.lang.String me.yitar.webapp.controller.UserControllerProxy.addUser(java.util.Locale,org.springframework.ui.Model,javax.servlet.http.HttpSession)
2016-03-10 16:31:46,353 [main] INFO RequestMappingHandlerMapping - Mapped "{[/adduser],methods=[POST]}" onto public java.lang.String me.yitar.webapp.controller.UserControllerProxy.addUser(java.lang.String,java.lang.String,java.lang.String,java.lang.String,java.lang.String,int,org.springframework.ui.Model,javax.servlet.http.HttpSession)
2016-03-10 16:31:46,353 [main] INFO RequestMappingHandlerMapping - Mapped "{[/home],methods=[GET]}" onto public java.lang.String me.yitar.webapp.controller.UserControllerProxy.homeview(java.util.Locale,org.springframework.ui.Model,javax.servlet.http.HttpSession)
2016-03-10 16:31:46,354 [main] INFO RequestMappingHandlerMapping - Mapped "{[/register],methods=[POST]}" onto public java.lang.String me.yitar.webapp.controller.UserControllerProxy.registerUser(java.lang.String,java.lang.String,java.lang.String,java.lang.String,java.lang.String,org.springframework.ui.Model,javax.servlet.http.HttpSession)
2016-03-10 16:31:46,355 [main] INFO RequestMappingHandlerMapping - Mapped "{[/deleteuser],methods=[GET]}" onto public java.lang.String me.yitar.webapp.controller.UserControllerProxy.deleteUser(int,org.springframework.ui.Model,javax.servlet.http.HttpSession)
2016-03-10 16:31:46,355 [main] INFO RequestMappingHandlerMapping - Mapped "{[/logout]}" onto public java.lang.String me.yitar.webapp.controller.UserControllerProxy.logout(org.springframework.ui.Model,javax.servlet.http.HttpSession)
2016-03-10 16:31:46,355 [main] INFO RequestMappingHandlerMapping - Mapped "{[/login],methods=[GET]}" onto public java.lang.String me.yitar.webapp.controller.UserControllerProxy.login(java.util.Locale,org.springframework.ui.Model)
2016-03-10 16:31:46,355 [main] INFO RequestMappingHandlerMapping - Mapped "{[/login],methods=[POST]}" onto public java.lang.String me.yitar.webapp.controller.UserControllerProxy.login(java.lang.String,java.lang.String,org.springframework.ui.Model,javax.servlet.http.HttpSession)
2016-03-10 16:31:46,361 [main] INFO RequestMappingHandlerMapping - Mapped "{[/error]}" onto public org.springframework.http.ResponseEntity<java.util.Map<java.lang.String, java.lang.Object>> org.springframework.boot.autoconfigure.web.BasicErrorController.error(javax.servlet.http.HttpServletRequest)
2016-03-10 16:31:46,362 [main] INFO RequestMappingHandlerMapping - Mapped "{[/error],produces=[text/html]}" onto public org.springframework.web.servlet.ModelAndView org.springframework.boot.autoconfigure.web.BasicErrorController.errorHtml(javax.servlet.http.HttpServletRequest,javax.servlet.http.HttpServletResponse)
2016-03-10 16:31:46,464 [main] INFO SimpleUrlHandlerMapping - Mapped URL path [/webjars/**] onto handler of type [class org.springframework.web.servlet.resource.ResourceHttpRequestHandler]
2016-03-10 16:31:46,465 [main] INFO SimpleUrlHandlerMapping - Mapped URL path [/**] onto handler of type [class org.springframework.web.servlet.resource.ResourceHttpRequestHandler]
2016-03-10 16:31:46,605 [main] INFO SimpleUrlHandlerMapping - Mapped URL path [/**/favicon.ico] onto handler of type [class org.springframework.web.servlet.resource.ResourceHttpRequestHandler]
2016-03-10 16:31:47,436 [main] INFO VelocityConfigurer - ClasspathResourceLoader with name 'springMacro' added to configured VelocityEngine
2016-03-10 16:31:47,842 [main] INFO AnnotationMBeanExporter - Registering beans for JMX exposure on startup
2016-03-10 16:31:47,910 [main] INFO application - Initializing Spring FrameworkServlet 'dispatcherServlet'
2016-03-10 16:31:47,910 [main] INFO DispatcherServlet - FrameworkServlet 'dispatcherServlet': initialization started
2016-03-10 16:31:47,967 [main] INFO DispatcherServlet - FrameworkServlet 'dispatcherServlet': initialization completed in 57 ms
2016-03-10 16:31:48,073 [main] INFO ServerConnector - Started ServerConnector@18907af2{HTTP/1.1}{0.0.0.0:9000}
2016-03-10 16:31:48,079 [main] INFO JettyEmbeddedServletContainer - Jetty started on port(s) 9000 (http/1.1)
2016-03-10 16:31:48,089 [main] INFO NewsFeedApplication - Started NewsFeedApplication in 17.314 seconds (JVM running for 26.165)
